https://en.wikipedia.org/wiki/Carbon_footprint 1
https://en.wikipedia.org/wiki/Chief_green_officer 2
https://en.wikipedia.org/wiki/Green_marketing 2
https://en.wikipedia.org/wiki/Green_belt 2
https://en.wikipedia.org/wiki/Green_Revolution 2
https://en.wikipedia.org/wiki/Green_washing 3
https://en.wikipedia.org/wiki/Green_banking 3
https://en.wikipedia.org/wiki/Green_politics 3
https://en.wikipedia.org/wiki/Green_belt_(United_Kingdom) 3
https://en.wikipedia.org/wiki/European_Green_Belt 3
https://en.wikipedia.org/wiki/Metropolitan_Green_Belt 3
https://en.wikipedia.org/wiki/Green_Revolution_in_India 3
https://en.wikipedia.org/wiki/Green_PR 4
https://en.wikipedia.org/wiki/Green_company 4
https://en.wikipedia.org/wiki/Iranian_Green_Movement 4
https://en.wikipedia.org/wiki/Green_conservatism 4
https://en.wikipedia.org/wiki/Green_ban 4
https://en.wikipedia.org/wiki/Green_Party_of_Canada 4
https://en.wikipedia.org/wiki/Green_League 4
https://en.wikipedia.org/wiki/Green_party 4
https://en.wikipedia.org/wiki/Green_economics 4
https://en.wikipedia.org/wiki/Green_tax_shift 4
https://en.wikipedia.org/wiki/Green_liberalism 4
https://en.wikipedia.org/wiki/Green_Party_(Ireland) 4
https://en.wikipedia.org/wiki/French_Green_Party 4
https://en.wikipedia.org/wiki/Federation_of_Green_Parties_of_Africa 4
https://en.wikipedia.org/wiki/Federation_of_the_Green_Parties_of_the_Americas 4
https://en.wikipedia.org/wiki/Asia-Pacific_Green_Network 4
https://en.wikipedia.org/wiki/European_Federation_of_Green_Parties 4
https://en.wikipedia.org/wiki/Green_anarchism 4
https://en.wikipedia.org/wiki/Green_libertarianism 4
https://en.wikipedia.org/wiki/Outline_of_green_politics 4
https://en.wikipedia.org/wiki/Bright_green_environmentalism 4
https://en.wikipedia.org/wiki/Green_left 4
https://en.wikipedia.org/wiki/Green_Zionism 4
https://en.wikipedia.org/wiki/Somalia_Green_Party 4
https://en.wikipedia.org/wiki/Green_Party_of_South_Africa 4
https://en.wikipedia.org/wiki/Uganda_Green_Party 4
https://en.wikipedia.org/wiki/Partido_Verde_Eto-Ecologista 4
https://en.wikipedia.org/wiki/Green_Movement_(Israel) 4
https://en.wikipedia.org/wiki/Mongolian_Green_Party 4
https://en.wikipedia.org/wiki/Green_Party_of_Bulgaria 4
https://en.wikipedia.org/wiki/Green_Party_(Czech_Republic) 4
https://en.wikipedia.org/wiki/Green_Italy 4
https://en.wikipedia.org/wiki/Lithuanian_Green_Party 4
https://en.wikipedia.org/wiki/Green_Party_(Romania) 4
https://en.wikipedia.org/wiki/Civil_United_Green_Alternative 4
https://en.wikipedia.org/wiki/Green_Party_(Serbia) 4
https://en.wikipedia.org/wiki/Green_Belt 4
https://en.wikipedia.org/wiki/Green_revolution 4
https://en.wikipedia.org/wiki/Environmentalism 5
https://en.wikipedia.org/wiki/Go_green 5
https://en.wikipedia.org/wiki/The_Green_Path_of_Hope 5
https://en.wikipedia.org/wiki/Green_Party_(Brazil) 5
https://en.wikipedia.org/wiki/Ecologist_Green_Party_of_Mexico 5
https://en.wikipedia.org/wiki/Green_Party_of_Hungary 5
https://en.wikipedia.org/wiki/Latvian_Green_Party 5
https://en.wikipedia.org/wiki/Green_Party_of_England_and_Wales 5
https://en.wikipedia.org/wiki/Green_syndicalism 5
https://en.wikipedia.org/wiki/Green_Party_of_British_Columbia 5
https://en.wikipedia.org/wiki/History_of_the_Green_Party_of_Canada 5
https://en.wikipedia.org/wiki/List_of_Green_politicians_who_have_held_office_in_Canada 5
https://en.wikipedia.org/wiki/List_of_Green_party_leaders_in_Canada 5
https://en.wikipedia.org/wiki/Green_Party_of_Alberta_(2011%E2%80%93present) 5
https://en.wikipedia.org/wiki/Green_Party_of_Manitoba 5
https://en.wikipedia.org/wiki/Green_Party_of_New_Brunswick 5
https://en.wikipedia.org/wiki/Green_Party_of_Nova_Scotia 5
https://en.wikipedia.org/wiki/Green_Party_of_Ontario 5
https://en.wikipedia.org/wiki/Green_Party_of_Prince_Edward_Island 5
https://en.wikipedia.org/wiki/Green_Party_of_Quebec 5
https://en.wikipedia.org/wiki/Green_Party_of_Saskatchewan 5
https://en.wikipedia.org/wiki/Yukon_Green_Party 5
https://en.wikipedia.org/wiki/Green_Party_of_Canada_leadership_elections 5
https://en.wikipedia.org/wiki/The_People_%26_Planet_Green_League 5
https://en.wikipedia.org/wiki/List_of_green_political_parties 5
https://en.wikipedia.org/wiki/Green_Party_(UK) 5
https://en.wikipedia.org/wiki/German_Green_Party 5
https://en.wikipedia.org/wiki/Vihre%C3%A4_Liitto 5
https://en.wikipedia.org/wiki/Green_Party_of_Alaska 5
https://en.wikipedia.org/wiki/Green_Party_of_New_Zealand 5
https://en.wikipedia.org/wiki/Green_Confederation 5
https://en.wikipedia.org/wiki/Green_Party_of_Fiji 5
https://en.wikipedia.org/wiki/Green_Party_of_Pakistan 5
https://en.wikipedia.org/wiki/Green_Party_of_Saudi_Arabia 5
https://en.wikipedia.org/wiki/Green_Party_of_Lebanon 5
https://en.wikipedia.org/wiki/Green_Party_of_Switzerland 5
https://en.wikipedia.org/wiki/Nordic_Green_Left_Alliance 5
https://en.wikipedia.org/wiki/Scottish_Green_Party 5
https://en.wikipedia.org/wiki/Green_Party_in_Northern_Ireland 5
https://en.wikipedia.org/wiki/Green_Party_of_the_United_States 5
https://en.wikipedia.org/wiki/Oxygen_Green_Party 5
https://en.wikipedia.org/wiki/Green_Party_(Colombia) 5
https://en.wikipedia.org/wiki/Green 5
https://en.wikipedia.org/wiki/Green_parties 5
https://en.wikipedia.org/wiki/Green_building 5
https://en.wikipedia.org/wiki/Green_energy 5
https://en.wikipedia.org/wiki/Green_accounting 5
https://en.wikipedia.org/wiki/List_of_Green_topics 5
https://en.wikipedia.org/wiki/International_Journal_of_Green_Economics 5
https://en.wikipedia.org/wiki/Green_trading 5
https://en.wikipedia.org/wiki/Green_job 5
https://en.wikipedia.org/wiki/Green_paradox 5
https://en.wikipedia.org/wiki/Green_roof 5
https://en.wikipedia.org/wiki/Green_Liberal_Party_of_Switzerland 5
https://en.wikipedia.org/wiki/Thomas_Hill_Green 5
https://en.wikipedia.org/wiki/Worldwide_Green_parties 5
https://en.wikipedia.org/wiki/Mazingira_Green_Party 5
https://en.wikipedia.org/wiki/Green_Party_of_Egypt 5
https://en.wikipedia.org/wiki/Democratic_Green_Party_of_Rwanda 5
https://en.wikipedia.org/wiki/Worldwide_green_parties 5
https://en.wikipedia.org/wiki/Green_Party_(United_States) 5
https://en.wikipedia.org/wiki/Civil_Will-Green_Party 5
https://en.wikipedia.org/wiki/Green_Party_Taiwan 5
https://en.wikipedia.org/wiki/Green_Nepal_Party 5
https://en.wikipedia.org/wiki/The_Green_Group_in_the_European_Parliament 5
https://en.wikipedia.org/wiki/Green_Group_in_the_European_Parliament 5
https://en.wikipedia.org/wiki/Green_Party_of_Albania 5
https://en.wikipedia.org/wiki/The_Greens_%E2%80%93_The_Green_Alternative 5
https://en.wikipedia.org/wiki/Green_Party_of_Georgia 5
https://en.wikipedia.org/wiki/Ecologist_Green_Party_(Moldova) 5
https://en.wikipedia.org/wiki/Green_Party_(Slovakia) 5
https://en.wikipedia.org/wiki/Greens_and_the_Left_Party_of_the_Future 5
https://en.wikipedia.org/wiki/Green_Russia 5
https://en.wikipedia.org/wiki/Green_Alternative 5
https://en.wikipedia.org/wiki/European_United_Left%E2%80%93Nordic_Green_Left 5
https://en.wikipedia.org/wiki/Green_Lists 5
https://en.wikipedia.org/wiki/Green_Party_(Sweden) 5
https://en.wikipedia.org/wiki/Green_Anarchy 5
https://en.wikipedia.org/wiki/Green_movement 5
https://en.wikipedia.org/wiki/Green_Anarchist 5
https://en.wikipedia.org/wiki/Green_Scare 5
https://en.wikipedia.org/wiki/Green_to_Gold_(book) 5
https://en.wikipedia.org/wiki/Green_state 5
https://en.wikipedia.org/wiki/Green_municipalism 5
https://en.wikipedia.org/wiki/Environmental_technology 5
https://en.wikipedia.org/wiki/European_Federation_of_Green_Parties/European_Free_Alliance 5
https://en.wikipedia.org/wiki/Austrian_Green_Party 5
https://en.wikipedia.org/wiki/Green_Party_faction_(Bundestag) 5
https://en.wikipedia.org/wiki/Green_Party_of_Malaysia 5
https://en.wikipedia.org/wiki/Federation_of_Green_Parties_of_the_Americas 5
https://en.wikipedia.org/wiki/Green_Ecological_Party_of_Mexico 5
https://en.wikipedia.org/wiki/The_Green_Party_of_Alaska 5
https://en.wikipedia.org/wiki/List_of_green_parties 5
https://en.wikipedia.org/wiki/Political_Party_of_Radicals 5
https://en.wikipedia.org/wiki/The_Green_Movement_(Israel) 5
https://en.wikipedia.org/wiki/Green_movement_in_South_Africa 5
https://en.wikipedia.org/wiki/Green_Italy_%E2%80%93_European_Greens 5
https://en.wikipedia.org/wiki/Green_Politics 5
https://en.wikipedia.org/wiki/Green#In_culture 6
https://en.wikipedia.org/wiki/Deep_Green_Resistance 6
https://en.wikipedia.org/wiki/Alliance_%2790/The_Greens 6
https://en.wikipedia.org/wiki/Green_criminology 6
https://en.wikipedia.org/wiki/Green_chemistry 6
https://en.wikipedia.org/wiki/Green_Party_(Iran) 6
https://en.wikipedia.org/wiki/Green_Alternative_(Hungary) 6
https://en.wikipedia.org/wiki/Hungarian_Social_Green_Party 6
https://en.wikipedia.org/wiki/Wales_Green_Party 6
https://en.wikipedia.org/wiki/Green_2000 6
https://en.wikipedia.org/wiki/History_of_the_Green_Party_of_England_and_Wales 6
https://en.wikipedia.org/wiki/Green_Party_of_England_and_Wales_leadership_election,_2018 6
https://en.wikipedia.org/wiki/Green_Party_of_England_and_Wales_election_results 6
https://en.wikipedia.org/wiki/Green_Party_of_England_and_Wales#Regional_Council 6
https://en.wikipedia.org/wiki/Green_Party_of_England_and_Wales_election_results#Wales_Green_Party_election_results 6
https://en.wikipedia.org/wiki/Green_Party_of_England_and_Wales_election_results#European_Parliament_elections 6
https://en.wikipedia.org/wiki/Green_Left_(UK) 6
https://en.wikipedia.org/wiki/London_Green_Party 6
https://en.wikipedia.org/wiki/Green_Party_of_Vancouver 6
https://en.wikipedia.org/wiki/Green_Party_of_Alberta_leadership_election,_2018 6
https://en.wikipedia.org/wiki/Global_Green_Charter 6
https://en.wikipedia.org/wiki/Green_Party_of_Ontario_leadership_election,_2009 6
https://en.wikipedia.org/wiki/Green_tax_shifting 6
https://en.wikipedia.org/wiki/List_of_Green_Party_of_Ontario_candidates 6
https://en.wikipedia.org/wiki/Green_and_White 6
https://en.wikipedia.org/wiki/Green_Party_of_Prince_Edward_Island_leadership_election,_2012 6
https://en.wikipedia.org/wiki/Green_Party_of_Canada_leadership_election,_2006 6
https://en.wikipedia.org/wiki/Green_Party_of_Bolivia 6
https://en.wikipedia.org/wiki/Green_Ecologist_Party_(Chile) 6
https://en.wikipedia.org/wiki/Green_Party_(Norway) 6
https://en.wikipedia.org/wiki/Green_Alternative_Ecologist_Party_of_Peru 6
https://en.wikipedia.org/wiki/Green_Eto-Ecologist_Party 6
https://en.wikipedia.org/wiki/East_German_Green_Party 6
https://en.wikipedia.org/wiki/Green_Youth_(Germany) 6
https://en.wikipedia.org/wiki/List_of_German_Green_Party_politicians 6
https://en.wikipedia.org/wiki/Green_National_Committee 6
https://en.wikipedia.org/wiki/Green_Senatorial_Campaign_Committee 6
https://en.wikipedia.org/wiki/Association_of_State_Green_Parties 6
https://en.wikipedia.org/wiki/Green_Party_of_Aotearoa_New_Zealand#Male_co-leaders 6
https://en.wikipedia.org/wiki/Green_Party_of_Aotearoa_New_Zealand#Female_co-leaders 6
https://en.wikipedia.org/wiki/New_Zealand_general_election,_2017#List_results 6
https://en.wikipedia.org/wiki/Natural_environment 6
https://en.wikipedia.org/wiki/Independent_Green_Voice 6
https://en.wikipedia.org/wiki/Jim_Green_(activist) 6
https://en.wikipedia.org/wiki/Green_New_Deal 6
https://en.wikipedia.org/wiki/Green_Party_(Ireland)_Front_Bench 6
https://en.wikipedia.org/wiki/History_of_the_Green_Party_of_the_United_States 6
https://en.wikipedia.org/wiki/List_of_Green_politicians_who_have_held_office_in_the_United_States 6
https://en.wikipedia.org/wiki/Green_National_Convention 6
https://en.wikipedia.org/wiki/Green_Party_presidential_primaries,_2016 6
https://en.wikipedia.org/wiki/Permanent_residence_(United_States) 6
https://en.wikipedia.org/wiki/Distinguishing_blue_from_green_in_language 6
https://en.wikipedia.org/wiki/Shades_of_green 6
https://en.wikipedia.org/wiki/Emerald_(color) 6
https://en.wikipedia.org/wiki/Lime_green 6
https://en.wikipedia.org/wiki/Moss_green 6
https://en.wikipedia.org/wiki/Unique_hues 6
https://en.wikipedia.org/wiki/Chromium(III)_oxide 6
https://en.wikipedia.org/wiki/Chrome_green 6
https://en.wikipedia.org/wiki/Cobalt_green 6
https://en.wikipedia.org/wiki/Cobalt_green#Rinman's_green 6
https://en.wikipedia.org/wiki/Green_S 6
https://en.wikipedia.org/wiki/Micrommata_virescens 6
https://en.wikipedia.org/wiki/Green_Parties 6
https://en.wikipedia.org/wiki/Green_cheese 6
https://en.wikipedia.org/wiki/Green_harp_flag 6
https://en.wikipedia.org/wiki/Global_Greens 6
https://en.wikipedia.org/wiki/British_racing_green 6
https://en.wikipedia.org/wiki/Hunter_green 6
https://en.wikipedia.org/wiki/Four_Green_Steps 6
https://en.wikipedia.org/wiki/Apple_green 6
https://en.wikipedia.org/wiki/Bright_green 6
https://en.wikipedia.org/wiki/Brunswick_green 6
https://en.wikipedia.org/wiki/Cal_Poly_Pomona_green 6
https://en.wikipedia.org/wiki/Castleton_green 6
https://en.wikipedia.org/wiki/Midnight_green 6
https://en.wikipedia.org/wiki/Dark_green 6
https://en.wikipedia.org/wiki/Dark_moss_green 6
https://en.wikipedia.org/wiki/Dark_olive_green 6
https://en.wikipedia.org/wiki/Dark_spring_green 6
https://en.wikipedia.org/wiki/Dartmouth_green 6
https://en.wikipedia.org/wiki/Fern_green 6
https://en.wikipedia.org/wiki/Forest_green 6
https://en.wikipedia.org/wiki/Hooker%27s_green 6
https://en.wikipedia.org/wiki/India_green 6
https://en.wikipedia.org/wiki/Jungle_green 6
https://en.wikipedia.org/wiki/Kelly_green 6
https://en.wikipedia.org/wiki/Laurel_green 6
https://en.wikipedia.org/wiki/Lawn_green 6
